mode: set
github.com/jeduden/mdsmith/internal/build/builder.go:94.69,96.2 1 1
github.com/jeduden/mdsmith/internal/build/builder.go:105.73,107.2 1 1
github.com/jeduden/mdsmith/internal/build/builder.go:115.15,118.9 3 1
github.com/jeduden/mdsmith/internal/build/builder.go:118.9,121.3 2 1
github.com/jeduden/mdsmith/internal/build/builder.go:122.2,123.22 2 1
github.com/jeduden/mdsmith/internal/build/builder.go:123.22,126.3 2 1
github.com/jeduden/mdsmith/internal/build/builder.go:128.2,129.16 2 1
github.com/jeduden/mdsmith/internal/build/builder.go:129.16,132.3 2 1
github.com/jeduden/mdsmith/internal/build/builder.go:133.2,134.16 2 1
github.com/jeduden/mdsmith/internal/build/builder.go:134.16,137.3 2 1
github.com/jeduden/mdsmith/internal/build/builder.go:139.2,140.16 2 1
github.com/jeduden/mdsmith/internal/build/builder.go:140.16,143.3 2 1
github.com/jeduden/mdsmith/internal/build/builder.go:144.2,147.25 3 1
github.com/jeduden/mdsmith/internal/build/builder.go:147.25,149.3 1 1
github.com/jeduden/mdsmith/internal/build/builder.go:151.2,152.28 2 1
github.com/jeduden/mdsmith/internal/build/builder.go:152.28,154.3 1 1
github.com/jeduden/mdsmith/internal/build/builder.go:156.2,160.70 4 1
github.com/jeduden/mdsmith/internal/build/builder.go:160.70,163.3 2 1
github.com/jeduden/mdsmith/internal/build/builder.go:165.2,165.72 1 1
github.com/jeduden/mdsmith/internal/build/builder.go:165.72,168.3 2 1
github.com/jeduden/mdsmith/internal/build/builder.go:169.2,169.12 1 1
github.com/jeduden/mdsmith/internal/build/builder.go:176.9,178.47 2 1
github.com/jeduden/mdsmith/internal/build/builder.go:178.47,182.17 4 1
github.com/jeduden/mdsmith/internal/build/builder.go:182.17,184.4 1 1
github.com/jeduden/mdsmith/internal/build/builder.go:185.3,185.19 1 1
github.com/jeduden/mdsmith/internal/build/builder.go:188.2,193.15 6 1
github.com/jeduden/mdsmith/internal/build/builder.go:193.15,196.3 2 1
github.com/jeduden/mdsmith/internal/build/builder.go:197.2,197.12 1 1
github.com/jeduden/mdsmith/internal/build/builder.go:204.72,207.26 3 1
github.com/jeduden/mdsmith/internal/build/builder.go:207.26,208.32 1 1
github.com/jeduden/mdsmith/internal/build/builder.go:208.32,211.4 2 1
github.com/jeduden/mdsmith/internal/build/builder.go:213.2,215.38 3 1
github.com/jeduden/mdsmith/internal/build/builder.go:215.38,216.20 1 1
github.com/jeduden/mdsmith/internal/build/builder.go:216.20,218.18 2 1
github.com/jeduden/mdsmith/internal/build/builder.go:218.18,220.5 1 1
github.com/jeduden/mdsmith/internal/build/builder.go:221.4,221.57 1 1
github.com/jeduden/mdsmith/internal/build/builder.go:221.57,223.5 1 1
github.com/jeduden/mdsmith/internal/build/builder.go:224.4,224.30 1 1
github.com/jeduden/mdsmith/internal/build/builder.go:224.30,226.19 2 1
github.com/jeduden/mdsmith/internal/build/builder.go:226.19,228.6 1 1
github.com/jeduden/mdsmith/internal/build/builder.go:229.5,229.13 1 1
github.com/jeduden/mdsmith/internal/build/builder.go:231.4,231.12 1 1
github.com/jeduden/mdsmith/internal/build/builder.go:233.3,234.17 2 1
github.com/jeduden/mdsmith/internal/build/builder.go:234.17,236.4 1 1
github.com/jeduden/mdsmith/internal/build/builder.go:237.3,237.11 1 1
github.com/jeduden/mdsmith/internal/build/builder.go:239.2,240.17 2 1
github.com/jeduden/mdsmith/internal/build/builder.go:245.73,247.39 2 1
github.com/jeduden/mdsmith/internal/build/builder.go:247.39,249.17 2 1
github.com/jeduden/mdsmith/internal/build/builder.go:249.17,251.4 1 1
github.com/jeduden/mdsmith/internal/build/builder.go:252.3,252.25 1 1
github.com/jeduden/mdsmith/internal/build/builder.go:254.2,254.17 1 1
github.com/jeduden/mdsmith/internal/build/builder.go:258.28,260.2 1 1
github.com/jeduden/mdsmith/internal/build/builder.go:269.12,273.29 2 1
github.com/jeduden/mdsmith/internal/build/builder.go:273.29,274.14 1 1
github.com/jeduden/mdsmith/internal/build/builder.go:275.19,276.34 1 1
github.com/jeduden/mdsmith/internal/build/builder.go:277.20,278.35 1 1
github.com/jeduden/mdsmith/internal/build/builder.go:279.11,280.54 1 1
github.com/jeduden/mdsmith/internal/build/builder.go:283.2,283.13 1 1
github.com/jeduden/mdsmith/internal/build/builder.go:291.68,292.37 1 1
github.com/jeduden/mdsmith/internal/build/builder.go:292.37,294.3 1 1
github.com/jeduden/mdsmith/internal/build/builder.go:295.2,297.19 3 1
github.com/jeduden/mdsmith/internal/build/builder.go:297.19,298.20 1 1
github.com/jeduden/mdsmith/internal/build/builder.go:298.20,301.12 3 1
github.com/jeduden/mdsmith/internal/build/builder.go:303.3,304.16 2 1
github.com/jeduden/mdsmith/internal/build/builder.go:304.16,306.9 2 1
github.com/jeduden/mdsmith/internal/build/builder.go:308.3,309.44 2 1
github.com/jeduden/mdsmith/internal/build/builder.go:309.44,313.12 3 1
github.com/jeduden/mdsmith/internal/build/builder.go:315.3,316.10 2 1
github.com/jeduden/mdsmith/internal/build/builder.go:316.10,319.4 1 1
github.com/jeduden/mdsmith/internal/build/builder.go:320.3,321.17 2 1
github.com/jeduden/mdsmith/internal/build/builder.go:323.2,323.19 1 1
github.com/jeduden/mdsmith/internal/build/builder.go:334.22,337.15 3 1
github.com/jeduden/mdsmith/internal/build/builder.go:337.15,340.3 2 1
github.com/jeduden/mdsmith/internal/build/builder.go:340.8,343.3 2 1
github.com/jeduden/mdsmith/internal/build/builder.go:344.2,345.16 2 1
github.com/jeduden/mdsmith/internal/build/builder.go:345.16,347.3 1 1
github.com/jeduden/mdsmith/internal/build/builder.go:348.2,350.25 3 1
github.com/jeduden/mdsmith/internal/build/builder.go:350.25,352.3 1 1
github.com/jeduden/mdsmith/internal/build/builder.go:353.2,353.22 1 1
github.com/jeduden/mdsmith/internal/build/builder.go:353.22,355.3 1 1
github.com/jeduden/mdsmith/internal/build/builder.go:356.2,356.29 1 1
github.com/jeduden/mdsmith/internal/build/builder.go:366.69,367.30 1 1
github.com/jeduden/mdsmith/internal/build/builder.go:367.30,369.43 2 1
github.com/jeduden/mdsmith/internal/build/builder.go:369.43,370.38 1 1
github.com/jeduden/mdsmith/internal/build/builder.go:370.38,372.5 1 1
github.com/jeduden/mdsmith/internal/build/builder.go:373.4,373.56 1 1
github.com/jeduden/mdsmith/internal/build/builder.go:375.3,376.65 2 1
github.com/jeduden/mdsmith/internal/build/builder.go:376.65,378.4 1 1
github.com/jeduden/mdsmith/internal/build/builder.go:379.3,379.49 1 1
github.com/jeduden/mdsmith/internal/build/builder.go:379.49,381.51 1 1
github.com/jeduden/mdsmith/internal/build/builder.go:381.51,383.5 1 1
github.com/jeduden/mdsmith/internal/build/builder.go:386.2,386.12 1 1
github.com/jeduden/mdsmith/internal/build/builder.go:393.38,395.16 2 1
github.com/jeduden/mdsmith/internal/build/builder.go:395.16,397.3 1 1
github.com/jeduden/mdsmith/internal/build/builder.go:398.2,402.40 3 1
github.com/jeduden/mdsmith/internal/build/builder.go:402.40,404.3 1 1
github.com/jeduden/mdsmith/internal/build/builder.go:405.2,406.16 2 1
github.com/jeduden/mdsmith/internal/build/builder.go:406.16,408.3 1 1
github.com/jeduden/mdsmith/internal/build/builder.go:409.2,409.44 1 1
github.com/jeduden/mdsmith/internal/build/builder.go:409.44,412.3 2 1
github.com/jeduden/mdsmith/internal/build/builder.go:413.2,413.20 1 1
github.com/jeduden/mdsmith/internal/build/cache.go:48.24,50.2 1 1
github.com/jeduden/mdsmith/internal/build/cache.go:55.45,58.16 3 1
github.com/jeduden/mdsmith/internal/build/cache.go:58.16,59.25 1 1
github.com/jeduden/mdsmith/internal/build/cache.go:59.25,61.4 1 1
github.com/jeduden/mdsmith/internal/build/cache.go:62.3,62.57 1 1
github.com/jeduden/mdsmith/internal/build/cache.go:64.2,65.49 2 1
github.com/jeduden/mdsmith/internal/build/cache.go:65.49,67.3 1 1
github.com/jeduden/mdsmith/internal/build/cache.go:68.2,68.20 1 1
github.com/jeduden/mdsmith/internal/build/cache.go:68.20,70.3 1 1
github.com/jeduden/mdsmith/internal/build/cache.go:71.2,71.16 1 1
github.com/jeduden/mdsmith/internal/build/cache.go:76.42,80.27 4 1
github.com/jeduden/mdsmith/internal/build/cache.go:80.27,82.3 1 1
github.com/jeduden/mdsmith/internal/build/cache.go:83.2,83.19 1 1
github.com/jeduden/mdsmith/internal/build/cache.go:88.65,90.30 2 1
github.com/jeduden/mdsmith/internal/build/cache.go:90.30,91.44 1 1
github.com/jeduden/mdsmith/internal/build/cache.go:91.44,93.4 1 1
github.com/jeduden/mdsmith/internal/build/cache.go:95.2,95.28 1 1
github.com/jeduden/mdsmith/internal/build/cache.go:99.44,101.30 2 1
github.com/jeduden/mdsmith/internal/build/cache.go:101.30,103.3 1 1
github.com/jeduden/mdsmith/internal/build/cache.go:104.2,104.14 1 1
github.com/jeduden/mdsmith/internal/build/cache.go:108.39,110.30 2 1
github.com/jeduden/mdsmith/internal/build/cache.go:110.30,111.43 1 1
github.com/jeduden/mdsmith/internal/build/cache.go:111.43,114.4 2 1
github.com/jeduden/mdsmith/internal/build/cache.go:116.2,116.38 1 1
github.com/jeduden/mdsmith/internal/build/cache.go:122.41,123.20 1 1
github.com/jeduden/mdsmith/internal/build/cache.go:123.20,125.3 1 1
github.com/jeduden/mdsmith/internal/build/cache.go:126.2,126.50 1 1
github.com/jeduden/mdsmith/internal/build/cache.go:126.50,129.3 1 1
github.com/jeduden/mdsmith/internal/build/cache.go:131.2,132.48 2 1
github.com/jeduden/mdsmith/internal/build/cache.go:132.48,134.3 1 1
github.com/jeduden/mdsmith/internal/build/cache.go:136.2,140.16 4 1
github.com/jeduden/mdsmith/internal/build/cache.go:140.16,142.3 1 0
github.com/jeduden/mdsmith/internal/build/cache.go:143.2,146.52 3 1
github.com/jeduden/mdsmith/internal/build/cache.go:146.52,148.3 1 1
github.com/jeduden/mdsmith/internal/build/cache.go:150.2,151.50 2 1
github.com/jeduden/mdsmith/internal/build/cache.go:151.50,153.3 1 1
github.com/jeduden/mdsmith/internal/build/cache.go:154.2,154.12 1 1
github.com/jeduden/mdsmith/internal/build/cache.go:163.58,164.42 1 1
github.com/jeduden/mdsmith/internal/build/cache.go:164.42,167.3 2 1
github.com/jeduden/mdsmith/internal/build/cache.go:168.2,168.35 1 1
github.com/jeduden/mdsmith/internal/build/cache.go:168.35,170.3 1 1
github.com/jeduden/mdsmith/internal/build/cache.go:171.2,171.12 1 1
github.com/jeduden/mdsmith/internal/build/hooks.go:39.93,40.26 1 1
github.com/jeduden/mdsmith/internal/build/hooks.go:40.26,41.25 1 1
github.com/jeduden/mdsmith/internal/build/hooks.go:41.25,42.12 1 1
github.com/jeduden/mdsmith/internal/build/hooks.go:44.3,45.17 2 1
github.com/jeduden/mdsmith/internal/build/hooks.go:45.17,47.4 1 1
github.com/jeduden/mdsmith/internal/build/hooks.go:48.3,49.60 2 1
github.com/jeduden/mdsmith/internal/build/hooks.go:49.60,53.4 2 1
github.com/jeduden/mdsmith/internal/build/hooks.go:54.3,54.47 1 1
github.com/jeduden/mdsmith/internal/build/hooks.go:56.2,56.12 1 1
github.com/jeduden/mdsmith/internal/build/hooks.go:63.98,65.26 2 1
github.com/jeduden/mdsmith/internal/build/hooks.go:65.26,66.25 1 1
github.com/jeduden/mdsmith/internal/build/hooks.go:66.25,67.12 1 1
github.com/jeduden/mdsmith/internal/build/hooks.go:69.3,70.17 2 1
github.com/jeduden/mdsmith/internal/build/hooks.go:70.17,72.4 1 1
github.com/jeduden/mdsmith/internal/build/hooks.go:73.3,74.60 2 1
github.com/jeduden/mdsmith/internal/build/hooks.go:74.60,77.20 2 1
github.com/jeduden/mdsmith/internal/build/hooks.go:77.20,79.5 1 1
github.com/jeduden/mdsmith/internal/build/hooks.go:80.4,80.12 1 1
github.com/jeduden/mdsmith/internal/build/hooks.go:82.3,82.47 1 1
github.com/jeduden/mdsmith/internal/build/hooks.go:84.2,84.14 1 1
github.com/jeduden/mdsmith/internal/build/hooks.go:89.77,94.34 5 1
github.com/jeduden/mdsmith/internal/build/hooks.go:94.34,96.23 2 1
github.com/jeduden/mdsmith/internal/build/hooks.go:96.23,98.4 1 1
github.com/jeduden/mdsmith/internal/build/hooks.go:99.3,99.42 1 1
github.com/jeduden/mdsmith/internal/build/hooks.go:99.42,101.16 2 1
github.com/jeduden/mdsmith/internal/build/hooks.go:101.16,103.5 1 1
github.com/jeduden/mdsmith/internal/build/hooks.go:105.3,105.47 1 1
github.com/jeduden/mdsmith/internal/build/hooks.go:107.2,107.12 1 1
github.com/jeduden/mdsmith/internal/build/hooks.go:112.70,115.29 3 1
github.com/jeduden/mdsmith/internal/build/hooks.go:115.29,117.3 1 1
github.com/jeduden/mdsmith/internal/build/hooks.go:118.2,118.15 1 1
github.com/jeduden/mdsmith/internal/build/staleness.go:34.34,35.16 1 1
github.com/jeduden/mdsmith/internal/build/staleness.go:35.16,37.3 1 1
github.com/jeduden/mdsmith/internal/build/staleness.go:38.2,38.16 1 1
github.com/jeduden/mdsmith/internal/build/staleness.go:63.57,69.26 5 1
github.com/jeduden/mdsmith/internal/build/staleness.go:69.26,70.32 1 1
github.com/jeduden/mdsmith/internal/build/staleness.go:70.32,73.4 2 1
github.com/jeduden/mdsmith/internal/build/staleness.go:76.2,76.41 1 1
github.com/jeduden/mdsmith/internal/build/staleness.go:76.41,77.20 1 1
github.com/jeduden/mdsmith/internal/build/staleness.go:77.20,79.18 2 1
github.com/jeduden/mdsmith/internal/build/staleness.go:79.18,81.5 1 1
github.com/jeduden/mdsmith/internal/build/staleness.go:82.4,82.25 1 1
github.com/jeduden/mdsmith/internal/build/staleness.go:82.25,84.5 1 1
github.com/jeduden/mdsmith/internal/build/staleness.go:85.4,85.50 1 1
github.com/jeduden/mdsmith/internal/build/staleness.go:85.50,87.5 1 1
github.com/jeduden/mdsmith/internal/build/staleness.go:88.4,88.30 1 1
github.com/jeduden/mdsmith/internal/build/staleness.go:88.30,90.19 2 1
github.com/jeduden/mdsmith/internal/build/staleness.go:90.19,92.6 1 1
github.com/jeduden/mdsmith/internal/build/staleness.go:93.5,93.13 1 1
github.com/jeduden/mdsmith/internal/build/staleness.go:95.4,95.12 1 1
github.com/jeduden/mdsmith/internal/build/staleness.go:97.3,98.17 2 1
github.com/jeduden/mdsmith/internal/build/staleness.go:98.17,100.4 1 1
github.com/jeduden/mdsmith/internal/build/staleness.go:101.3,101.11 1 1
github.com/jeduden/mdsmith/internal/build/staleness.go:104.2,104.41 1 1
github.com/jeduden/mdsmith/internal/build/staleness.go:104.41,106.17 2 1
github.com/jeduden/mdsmith/internal/build/staleness.go:106.17,108.4 1 1
github.com/jeduden/mdsmith/internal/build/staleness.go:109.3,109.11 1 1
github.com/jeduden/mdsmith/internal/build/staleness.go:112.2,113.17 2 1
github.com/jeduden/mdsmith/internal/build/staleness.go:118.58,120.42 2 1
github.com/jeduden/mdsmith/internal/build/staleness.go:120.42,122.17 2 1
github.com/jeduden/mdsmith/internal/build/staleness.go:122.17,124.4 1 1
github.com/jeduden/mdsmith/internal/build/staleness.go:125.3,125.25 1 1
github.com/jeduden/mdsmith/internal/build/staleness.go:127.2,128.17 2 1
github.com/jeduden/mdsmith/internal/build/staleness.go:134.35,139.2 4 1
github.com/jeduden/mdsmith/internal/build/staleness.go:143.48,148.2 4 1
github.com/jeduden/mdsmith/internal/build/staleness.go:152.55,154.24 2 1
github.com/jeduden/mdsmith/internal/build/staleness.go:154.24,156.3 1 1
github.com/jeduden/mdsmith/internal/build/staleness.go:157.2,159.25 3 1
github.com/jeduden/mdsmith/internal/build/staleness.go:159.25,162.3 2 1
github.com/jeduden/mdsmith/internal/build/staleness.go:163.2,163.19 1 1
github.com/jeduden/mdsmith/internal/build/staleness.go:168.44,170.26 2 1
github.com/jeduden/mdsmith/internal/build/staleness.go:170.26,172.3 1 1
github.com/jeduden/mdsmith/internal/build/staleness.go:173.2,173.19 1 1
github.com/jeduden/mdsmith/internal/build/staleness.go:178.95,185.29 6 1
github.com/jeduden/mdsmith/internal/build/staleness.go:185.29,188.17 3 1
github.com/jeduden/mdsmith/internal/build/staleness.go:188.17,190.4 1 1
github.com/jeduden/mdsmith/internal/build/staleness.go:191.3,191.28 1 1
github.com/jeduden/mdsmith/internal/build/staleness.go:193.2,201.56 6 1
github.com/jeduden/mdsmith/internal/build/staleness.go:209.57,211.16 2 1
github.com/jeduden/mdsmith/internal/build/staleness.go:211.16,213.3 1 1
github.com/jeduden/mdsmith/internal/build/staleness.go:214.2,215.16 2 1
github.com/jeduden/mdsmith/internal/build/staleness.go:215.16,217.3 1 1
github.com/jeduden/mdsmith/internal/build/staleness.go:218.2,218.57 1 1
github.com/jeduden/mdsmith/internal/build/staleness.go:222.43,224.16 2 1
github.com/jeduden/mdsmith/internal/build/staleness.go:224.16,226.3 1 1
github.com/jeduden/mdsmith/internal/build/staleness.go:227.2,228.40 2 1
github.com/jeduden/mdsmith/internal/build/staleness.go:235.79,237.16 2 1
github.com/jeduden/mdsmith/internal/build/staleness.go:237.16,239.3 1 1
github.com/jeduden/mdsmith/internal/build/staleness.go:240.2,241.16 2 1
github.com/jeduden/mdsmith/internal/build/staleness.go:241.16,243.3 1 1
github.com/jeduden/mdsmith/internal/build/staleness.go:245.2,248.30 2 1
github.com/jeduden/mdsmith/internal/build/staleness.go:248.30,250.41 2 1
github.com/jeduden/mdsmith/internal/build/staleness.go:250.41,252.4 1 1
github.com/jeduden/mdsmith/internal/build/staleness.go:256.2,257.16 2 1
github.com/jeduden/mdsmith/internal/build/staleness.go:257.16,259.3 1 1
github.com/jeduden/mdsmith/internal/build/staleness.go:260.2,261.39 2 1
github.com/jeduden/mdsmith/internal/build/staleness.go:261.39,263.3 1 1
github.com/jeduden/mdsmith/internal/build/staleness.go:266.2,267.34 2 1
github.com/jeduden/mdsmith/internal/build/staleness.go:267.34,269.3 1 1
github.com/jeduden/mdsmith/internal/build/staleness.go:270.2,270.30 1 1
github.com/jeduden/mdsmith/internal/build/staleness.go:270.30,273.17 3 1
github.com/jeduden/mdsmith/internal/build/staleness.go:273.17,275.4 1 1
github.com/jeduden/mdsmith/internal/build/staleness.go:276.3,276.35 1 1
github.com/jeduden/mdsmith/internal/build/staleness.go:276.35,278.4 1 1
github.com/jeduden/mdsmith/internal/build/staleness.go:281.2,282.17 2 1
github.com/jeduden/mdsmith/internal/build/staleness.go:289.57,291.16 2 1
github.com/jeduden/mdsmith/internal/build/staleness.go:291.16,293.3 1 1
github.com/jeduden/mdsmith/internal/build/staleness.go:294.2,295.16 2 1
github.com/jeduden/mdsmith/internal/build/staleness.go:295.16,297.3 1 1
github.com/jeduden/mdsmith/internal/build/staleness.go:298.2,299.16 2 1
github.com/jeduden/mdsmith/internal/build/staleness.go:299.16,301.3 1 1
github.com/jeduden/mdsmith/internal/build/staleness.go:302.2,303.30 2 1
github.com/jeduden/mdsmith/internal/build/staleness.go:303.30,306.17 3 1
github.com/jeduden/mdsmith/internal/build/staleness.go:306.17,308.4 1 1
github.com/jeduden/mdsmith/internal/build/staleness.go:309.3,309.78 1 1
github.com/jeduden/mdsmith/internal/build/staleness.go:311.2,316.8 1 1
github.com/jeduden/mdsmith/internal/build/staleness.go:331.57,338.28 3 1
github.com/jeduden/mdsmith/internal/build/staleness.go:338.28,339.31 1 1
github.com/jeduden/mdsmith/internal/build/staleness.go:339.31,341.30 2 1
github.com/jeduden/mdsmith/internal/build/staleness.go:341.30,342.53 1 1
github.com/jeduden/mdsmith/internal/build/staleness.go:342.53,347.6 1 1
github.com/jeduden/mdsmith/internal/build/staleness.go:349.4,349.72 1 1
github.com/jeduden/mdsmith/internal/build/staleness.go:352.2,352.12 1 1
github.com/jeduden/mdsmith/internal/build/staleness.go:357.39,360.13 3 1
github.com/jeduden/mdsmith/internal/build/staleness.go:360.13,362.3 1 1
github.com/jeduden/mdsmith/internal/build/staleness.go:363.2,363.22 1 1
github.com/jeduden/mdsmith/internal/build/staleness.go:368.39,369.12 1 1
github.com/jeduden/mdsmith/internal/build/staleness.go:369.12,371.3 1 1
github.com/jeduden/mdsmith/internal/build/staleness.go:372.2,372.47 1 1
github.com/jeduden/mdsmith/internal/build/staleness.go:378.38,380.2 1 1
github.com/jeduden/mdsmith/internal/build/streams.go:42.85,43.66 1 1
github.com/jeduden/mdsmith/internal/build/streams.go:43.66,45.3 1 1
github.com/jeduden/mdsmith/internal/build/streams.go:46.2,47.16 2 1
github.com/jeduden/mdsmith/internal/build/streams.go:47.16,49.3 1 1
github.com/jeduden/mdsmith/internal/build/streams.go:50.2,53.16 4 1
github.com/jeduden/mdsmith/internal/build/streams.go:57.44,57.60 1 1
github.com/jeduden/mdsmith/internal/build/streams.go:60.44,60.60 1 1
github.com/jeduden/mdsmith/internal/build/streams.go:63.47,63.74 1 1
github.com/jeduden/mdsmith/internal/build/streams.go:66.47,66.74 1 1
github.com/jeduden/mdsmith/internal/build/streams.go:70.39,74.2 3 1
github.com/jeduden/mdsmith/internal/build/streams.go:78.48,82.19 4 1
github.com/jeduden/mdsmith/internal/build/streams.go:82.19,84.3 1 1
github.com/jeduden/mdsmith/internal/build/streams.go:101.51,105.6 4 1
github.com/jeduden/mdsmith/internal/build/streams.go:105.6,107.12 2 1
github.com/jeduden/mdsmith/internal/build/streams.go:107.12,108.9 1 1
github.com/jeduden/mdsmith/internal/build/streams.go:110.3,113.26 4 1
github.com/jeduden/mdsmith/internal/build/streams.go:115.2,115.20 1 1
github.com/jeduden/mdsmith/internal/build/streams.go:119.42,120.29 1 1
github.com/jeduden/mdsmith/internal/build/streams.go:120.29,123.3 2 1
github.com/jeduden/mdsmith/internal/build/streams.go:124.2,125.30 2 1
github.com/jeduden/mdsmith/internal/build/streams.go:130.37,133.25 3 1
github.com/jeduden/mdsmith/internal/build/streams.go:133.25,135.3 1 1
github.com/jeduden/mdsmith/internal/build/streams.go:136.2,139.25 4 1
github.com/jeduden/mdsmith/internal/build/streams.go:143.42,149.2 5 1
github.com/jeduden/mdsmith/internal/build/streams.go:152.44,153.21 1 1
github.com/jeduden/mdsmith/internal/build/streams.go:153.21,155.3 1 1
github.com/jeduden/mdsmith/internal/build/streams.go:156.2,156.29 1 1
github.com/jeduden/mdsmith/internal/build/streams.go:161.42,163.2 1 1
github.com/jeduden/mdsmith/internal/build/streams.go:166.47,168.2 1 1
